==2813965== Memcheck, a memory error detector
==2813965== Copyright (C) 2002-2022, and GNU GPL'd, by Julian Seward et al.
==2813965== Using Valgrind-3.19.0 and LibVEX; rerun with -h for copyright info
==2813965== Command: a.out
==2813965== Parent PID: 2804267
==2813965== 
==2813965== 
==2813965== HEAP SUMMARY:
==2813965==     in use at exit: 2,086 bytes in 9 blocks
==2813965==   total heap usage: 68 allocs, 59 frees, 88,879 bytes allocated
==2813965== 
==2813965== LEAK SUMMARY:
==2813965==    definitely lost: 0 bytes in 0 blocks
==2813965==    indirectly lost: 0 bytes in 0 blocks
==2813965==      possibly lost: 0 bytes in 0 blocks
==2813965==    still reachable: 2,086 bytes in 9 blocks
==2813965==                       of which reachable via heuristic:
==2813965==                         newarray           : 1,832 bytes in 5 blocks
==2813965==         suppressed: 0 bytes in 0 blocks
==2813965== Reachable blocks (those to which a pointer was found) are not shown.
==2813965== To see them, rerun with: --leak-check=full --show-leak-kinds=all
==2813965== 
==2813965== For lists of detected and suppressed errors, rerun with: -s
==2813965== ERROR SUMMARY: 0 errors from 0 contexts (suppressed: 0 from 0)
